<?xml version="1.0" encoding="UTF-8"?>
<!-- Generated by org.testng.reporters.JUnitXMLReporter -->
<testsuite ignored="0" hostname="DESKTOP-C42QD54" failures="1" tests="2" name="Default test" time="64.462" errors="0" timestamp="2020-08-22T11:46:59 EDT">
  <testcase classname="io.cucumber.testng.AbstractTestNGCucumberTests" name="runScenario" time="29.043"/>
  <testcase classname="io.cucumber.testng.AbstractTestNGCucumberTests" name="runScenario" time="34.337">
    <failure type="java.lang.AssertionError" message="Element does not exits, it is not displayed: Proxy element for: DefaultElementLocator &amp;apos;By.id: txtUsername&amp;apos; expected [true] but found [false]">
      <![CDATA[java.lang.AssertionError: Element does not exits, it is not displayed: Proxy element for: DefaultElementLocator 'By.id: txtUsername' expected [true] but found [false]
at org.testng.Assert.fail(Assert.java:97)
at org.testng.Assert.failNotEquals(Assert.java:969)
at org.testng.Assert.assertTrue(Assert.java:43)
at com.noorteck.qa.utils.CommonUI.isDisplayed(CommonUI.java:91)
at com.noorteck.qa.utils.CommonUI.enter(CommonUI.java:294)
at com.noorteck.qa.pages.LoginPage.enterUserName(LoginPage.java:32)
at com.noorteck.qa.steps.LoginStepDefinition.enterCredentials(LoginStepDefinition.java:20)
at ✽.User enters valid credentials(file:///C:/Users/Owner/eclipse-workspace/noorteck-bdd/src/test/resources/ntk360/SmokeTest.feature:35)
]]>
    </failure>
  </testcase> <!-- runScenario -->
</testsuite> <!-- Default test -->
