<?xml version="1.0" encoding="UTF-8"?>
<testng-results ignored="0" total="2" passed="2" failed="0" skipped="0">
  <reporter-output>
  </reporter-output>
  <suite started-at="2020-08-22T11:53:27 EDT" name="Smoke Test Suite" finished-at="2020-08-22T11:54:19 EDT" duration-ms="51689">
    <groups>
      <group name="cucumber">
        <method signature="AbstractTestNGCucumberTests.runScenario(io.cucumber.testng.PickleWrapper, io.cucumber.testng.FeatureWrapper)[pri:0, instance:com.noorteck.qa.runners.SmokeTestRunner@73700b80]" name="runScenario" class="io.cucumber.testng.AbstractTestNGCucumberTests"/>
      </group> <!-- cucumber -->
    </groups>
    <test started-at="2020-08-22T11:53:27 EDT" name="Add Functionality" finished-at="2020-08-22T11:54:19 EDT" duration-ms="51689">
      <class name="com.noorteck.qa.runners.SmokeTestRunner">
        <test-method is-config="true" signature="setUpClass()[pri:0, instance:com.noorteck.qa.runners.SmokeTestRunner@73700b80]" started-at="2020-08-22T11:53:27 EDT" name="setUpClass" finished-at="2020-08-22T11:53:28 EDT" duration-ms="762" status="PASS">
          <reporter-output>
          </reporter-output>
        </test-method> <!-- setUpClass -->
        <test-method signature="runScenario(io.cucumber.testng.PickleWrapper, io.cucumber.testng.FeatureWrapper)[pri:0, instance:com.noorteck.qa.runners.SmokeTestRunner@73700b80]" started-at="2020-08-22T11:53:28 EDT" name="runScenario" description="Runs Cucumber Scenarios" data-provider="scenarios" finished-at="2020-08-22T11:53:51 EDT" duration-ms="22802" status="PASS">
          <params>
            <param index="0">
              <value>
                <![CDATA["Verify pending timesheet icon is displayed"]]>
              </value>
            </param>
            <param index="1">
              <value>
                <![CDATA["Optional[NTK Login feature]"]]>
              </value>
            </param>
          </params>
          <reporter-output>
          </reporter-output>
        </test-method> <!-- runScenario -->
        <test-method signature="runScenario(io.cucumber.testng.PickleWrapper, io.cucumber.testng.FeatureWrapper)[pri:0, instance:com.noorteck.qa.runners.SmokeTestRunner@73700b80]" started-at="2020-08-22T11:53:51 EDT" name="runScenario" description="Runs Cucumber Scenarios" data-provider="scenarios" finished-at="2020-08-22T11:54:19 EDT" duration-ms="27955" status="PASS">
          <params>
            <param index="0">
              <value>
                <![CDATA["Verify employee username"]]>
              </value>
            </param>
            <param index="1">
              <value>
                <![CDATA["Optional[User Page Feature]"]]>
              </value>
            </param>
          </params>
          <reporter-output>
          </reporter-output>
        </test-method> <!-- runScenario -->
        <test-method is-config="true" signature="tearDownClass()[pri:0, instance:com.noorteck.qa.runners.SmokeTestRunner@73700b80]" started-at="2020-08-22T11:54:19 EDT" name="tearDownClass" finished-at="2020-08-22T11:54:19 EDT" duration-ms="117" status="PASS">
          <reporter-output>
          </reporter-output>
        </test-method> <!-- tearDownClass -->
      </class> <!-- com.noorteck.qa.runners.SmokeTestRunner -->
    </test> <!-- Add Functionality -->
  </suite> <!-- Smoke Test Suite -->
</testng-results>
